<?xml version="1.0" encoding="UTF-8"?>
<testsuite xmlns:xsi="http://www.w3.org/2001/XMLSchema-instance" xsi:noNamespaceSchemaLocation="https://maven.apache.org/surefire/maven-surefire-plugin/xsd/surefire-test-report-3.0.xsd" version="3.0" name="GestorNotificacionesTest" time="0.039" tests="2" errors="0" skipped="0" failures="0">
  <properties>
[...]
</properties>
  <testcase name="cp17_suscribeYNotificaATodosLosObservadores" classname="GestorNotificacionesTest" time="0.004"/>
  <testcase name="cp18_desuscribeYNoNotificaAlObservadorRemovido" classname="GestorNotificacionesTest" time="0.029">
    <system-out><![CDATA[[Mensajería -> +34123456789] [Desuscripción] Este usuario ya no debe recibir avisos
]]></system-out>
  </testcase>
</testsuite>